
> web@0.1.0 build
> next build

Ôû▓ Next.js 16.1.6 (Turbopack)
- Environments: .env.local
- Experiments (use with caution):
  ┬À clientTraceMetadata

  Creating an optimized production build ...
Ô£ô Compiled successfully in 13.8s
  Running next.config.js provided runAfterProductionCompile ...
Ô£ô Completed runAfterProductionCompile in 21320ms
  Running TypeScript ...
node.exe : Failed to compile.
En línea: 1 Carácter: 1
+ & "C:\Program Files\nodejs/node.exe" "C:\Program Files\nodejs/node_mo ...
+ ~~~~~~~~~~~~~~~~~~~~~~~~~~~~~~~~~~~~~~~~~~~~~~~~~~~~~~~~~~~~~~~~~~~~~
    + CategoryInfo          : NotSpecified: (Failed to compile.:String) [], Remo 
   teException
    + FullyQualifiedErrorId : NativeCommandError
 

./src/app/(company)/app/employees/page.tsx:271:9
Type error: Type '{ id: any; first_name: any; last_name: any; birth_date: any; 
sex: any; nationality: any; phone_country_code: any; phone: any; email: any; 
address_line1: any; address_city: any; address_state: any; ... 21 more ...; 
linked_document_ids: string[]; } | undefined' is not assignable to type '{ id: 
string; first_name: string; last_name: string; email: string; branch_id: string; 
department_id: string; position_id: string; document_id: string | null; 
document_number: string | null; ... 7 more ...; contract_signer_name: string | 
null; } | undefined'.
  Type '{ id: any; first_name: any; last_name: any; birth_date: any; sex: any; 
nationality: any; phone_country_code: any; phone: any; email: any; 
address_line1: any; address_city: any; address_state: any; address_postal_code: 
any; ... 20 more ...; linked_document_ids: string[]; }' is missing the following 
properties from type '{ id: string; first_name: string; last_name: string; 
email: string; branch_id: string; department_id: string; position_id: string; 
document_id: string | null; document_number: string | null; ... 7 more ...; 
contract_signer_name: string | null; }': document_id, document_number, 
personal_email, address, hire_date

[0m [90m 269 |[39m         open[33m=[39m{openEmployeeModal}
 [90m 270 |[39m         mode[33m=[39m{params[33m.[39maction [33m===[39m 
[32m"edit"[39m [33m?[39m [32m"edit"[39m [33m:[39m [32m"create"[39m}
[31m[1m>[22m[39m[90m 271 |[39m         
initialEmployee[33m=[39m{initialEmployeeData}
 [90m     |[39m         [31m[1m^[22m[39m
 [90m 272 |[39m         branches[33m=[39m{branches [33m?[39m[33m?[39m []}
 [90m 273 |[39m         documents[33m=[39m{documents [33m?[39m[33m?[39m 
[]}
 [90m 274 |[39m         departments[33m=[39m{departments 
[33m?[39m[33m?[39m []}[0m
Next.js build worker exited with code: 1 and signal: null
